<?xml version="1.0" encoding="UTF-8"?>
<!-- Generated by org.testng.reporters.JUnitXMLReporter -->
<testsuite ignored="1" hostname="Nancy" failures="0" tests="1" name="Default test" time="3.742" errors="0" timestamp="2024-07-01T12:06:23 IST">
  <testcase classname="api.gorest.tests.GetUserTest" name="getParticularUserTest" time="3.603"/>
  <testcase classname="api.gorest.tests.GetUserTest" name="getAllUsersTest" time="0.0">
    <ignored/>
  </testcase> <!-- getAllUsersTest -->
</testsuite> <!-- Default test -->
