<?xml version="1.0" encoding="UTF-8"?>
<testng-results ignored="0" total="4" passed="4" failed="0" skipped="0">
  <reporter-output>
  </reporter-output>
  <suite started-at="2024-07-04T23:07:08 IST" name="API Regression Suite" finished-at="2024-07-04T23:07:18 IST" duration-ms="10492">
    <groups>
    </groups>
    <test started-at="2024-07-04T23:07:08 IST" name="Go Rest API Test" finished-at="2024-07-04T23:07:16 IST" duration-ms="7686">
      <class name="api.gorest.tests.GetUserTest">
        <test-method is-config="true" signature="setUp(java.lang.String)[pri:0, instance:api.gorest.tests.GetUserTest@4d14b6c2]" started-at="2024-07-04T23:07:08 IST" name="setUp" finished-at="2024-07-04T23:07:08 IST" duration-ms="427" status="PASS">
          <params>
            <param index="0">
              <value>
                <![CDATA[https://gorest.co.in]]>
              </value>
            </param>
          </params>
          <reporter-output>
          </reporter-output>
        </test-method> <!-- setUp -->
        <test-method is-config="true" signature="getUserSetup()[pri:0, instance:api.gorest.tests.GetUserTest@4d14b6c2]" started-at="2024-07-04T23:07:08 IST" name="getUserSetup" finished-at="2024-07-04T23:07:08 IST" duration-ms="133" status="PASS">
          <reporter-output>
          </reporter-output>
        </test-method> <!-- getUserSetup -->
        <test-method signature="getAllUsersTest()[pri:0, instance:api.gorest.tests.GetUserTest@4d14b6c2]" started-at="2024-07-04T23:07:09 IST" name="getAllUsersTest" finished-at="2024-07-04T23:07:12 IST" duration-ms="3452" status="PASS">
          <reporter-output>
          </reporter-output>
        </test-method> <!-- getAllUsersTest -->
        <test-method is-config="true" signature="getUserSetup()[pri:0, instance:api.gorest.tests.GetUserTest@4d14b6c2]" started-at="2024-07-04T23:07:12 IST" name="getUserSetup" finished-at="2024-07-04T23:07:12 IST" duration-ms="0" status="PASS">
          <reporter-output>
          </reporter-output>
        </test-method> <!-- getUserSetup -->
        <test-method signature="getParticularUserTest()[pri:0, instance:api.gorest.tests.GetUserTest@4d14b6c2]" started-at="2024-07-04T23:07:12 IST" name="getParticularUserTest" finished-at="2024-07-04T23:07:14 IST" duration-ms="2149" status="PASS">
          <reporter-output>
          </reporter-output>
        </test-method> <!-- getParticularUserTest -->
        <test-method is-config="true" signature="getUserSetup()[pri:0, instance:api.gorest.tests.GetUserTest@4d14b6c2]" started-at="2024-07-04T23:07:14 IST" name="getUserSetup" finished-at="2024-07-04T23:07:14 IST" duration-ms="2" status="PASS">
          <reporter-output>
          </reporter-output>
        </test-method> <!-- getUserSetup -->
        <test-method signature="getUserTestwithQueryParams()[pri:0, instance:api.gorest.tests.GetUserTest@4d14b6c2]" started-at="2024-07-04T23:07:14 IST" name="getUserTestwithQueryParams" finished-at="2024-07-04T23:07:16 IST" duration-ms="1350" status="PASS">
          <reporter-output>
          </reporter-output>
        </test-method> <!-- getUserTestwithQueryParams -->
      </class> <!-- api.gorest.tests.GetUserTest -->
    </test> <!-- Go Rest API Test -->
    <test started-at="2024-07-04T23:07:16 IST" name="Go Rest API Create User Test" finished-at="2024-07-04T23:07:18 IST" duration-ms="2741">
      <class name="api.gorest.tests.CreateUser">
        <test-method is-config="true" signature="setUp(java.lang.String)[pri:0, instance:api.gorest.tests.CreateUser@1c9b0314]" started-at="2024-07-04T23:07:16 IST" name="setUp" finished-at="2024-07-04T23:07:16 IST" duration-ms="1" status="PASS">
          <params>
            <param index="0">
              <value>
                <![CDATA[https://gorest.co.in]]>
              </value>
            </param>
          </params>
          <reporter-output>
          </reporter-output>
        </test-method> <!-- setUp -->
        <test-method is-config="true" signature="createUserSetup()[pri:0, instance:api.gorest.tests.CreateUser@1c9b0314]" started-at="2024-07-04T23:07:16 IST" name="createUserSetup" finished-at="2024-07-04T23:07:16 IST" duration-ms="1" status="PASS">
          <reporter-output>
          </reporter-output>
        </test-method> <!-- createUserSetup -->
        <test-method signature="createUserTest()[pri:0, instance:api.gorest.tests.CreateUser@1c9b0314]" started-at="2024-07-04T23:07:16 IST" name="createUserTest" finished-at="2024-07-04T23:07:18 IST" duration-ms="2731" status="PASS">
          <reporter-output>
          </reporter-output>
        </test-method> <!-- createUserTest -->
      </class> <!-- api.gorest.tests.CreateUser -->
    </test> <!-- Go Rest API Create User Test -->
  </suite> <!-- API Regression Suite -->
</testng-results>
