<?xml version="1.0" encoding="UTF-8"?>
<testng-results ignored="0" total="1" passed="1" failed="0" skipped="0">
  <reporter-output>
  </reporter-output>
  <suite started-at="2024-07-01T21:30:32 IST" name="Default suite" finished-at="2024-07-01T21:30:37 IST" duration-ms="5363">
    <groups>
    </groups>
    <test started-at="2024-07-01T21:30:32 IST" name="Default test" finished-at="2024-07-01T21:30:37 IST" duration-ms="5363">
      <class name="api.gorest.tests.CreateUser">
        <test-method signature="createUserTest()[pri:0, instance:api.gorest.tests.CreateUser@28dcca0c]" started-at="2024-07-01T21:30:32 IST" name="createUserTest" finished-at="2024-07-01T21:30:37 IST" duration-ms="5250" status="PASS">
          <reporter-output>
          </reporter-output>
        </test-method> <!-- createUserTest -->
      </class> <!-- api.gorest.tests.CreateUser -->
    </test> <!-- Default test -->
  </suite> <!-- Default suite -->
</testng-results>
