<?xml version="1.0" encoding="UTF-8"?>
<!-- Generated by org.testng.reporters.JUnitXMLReporter -->
<testsuite ignored="0" hostname="Nancy" failures="0" tests="3" name="Go Rest API Test" time="7.302" errors="0" timestamp="2024-07-03T17:34:09 IST">
  <testcase classname="api.gorest.tests.GetUserTest" name="getAllUsersTest" time="2.95"/>
  <testcase classname="api.gorest.tests.GetUserTest" name="getParticularUserTest" time="2.077"/>
  <testcase classname="api.gorest.tests.GetUserTest" name="getUserTestwithQueryParams" time="1.623"/>
</testsuite> <!-- Go Rest API Test -->
